<?xml version="1.0" encoding="UTF-8"?>
<!-- Generated by org.testng.reporters.JUnitReportReporter -->
<testsuite skipped="0" hostname="DMINBNOI18021" name="com.TestCases.LoginTestCase" tests="1" failures="0" timestamp="05 Oct 2018 06:10:57 GMT" time="50.523" errors="0">
  <testcase name="LoginTest" time="50.523" classname="com.TestCases.LoginTestCase"/>
</testsuite> <!-- com.TestCases.LoginTestCase -->
