<?xml version="1.0" encoding="UTF-8"?>
<!-- Generated by org.testng.reporters.JUnitReportReporter -->
<testsuite skipped="0" hostname="DMINBNOI18021" name="com.practice.test.TestOne" tests="2" failures="0" timestamp="27 Sep 2018 11:38:39 GMT" time="34.448" errors="0">
  <testcase name="testEasy" time="16.488" classname="com.practice.test.TestOne"/>
  <testcase name="testEasy" time="17.960" classname="com.practice.test.TestOne"/>
</testsuite> <!-- com.practice.test.TestOne -->
